<?xml version="1.0" encoding="UTF-8"?>
<!-- Generated by org.testng.reporters.JUnitXMLReporter -->
<testsuite ignored="0" hostname="DESKTOP-KSTJK7A" failures="0" tests="5" name="Default test" time="6.072" errors="0" timestamp="2023-04-07T02:58:13 EET">
  <testcase classname="tests.TC_VideoGameAPI" name="test_GetAllVideoGames" time="3.729"/>
  <testcase classname="tests.TC_VideoGameAPI" name="test_AddNewVideoGame" time="0.957"/>
  <testcase classname="tests.TC_VideoGameAPI" name="test_GetVideoGameById" time="1.088"/>
  <testcase classname="tests.TC_VideoGameAPI" name="test_UpdateVideoGame" time="0.141"/>
  <testcase classname="tests.TC_VideoGameAPI" name="test_DeleteVideoGame" time="0.029"/>
</testsuite> <!-- Default test -->
