<?xml version="1.0" encoding="UTF-8"?>
<testng-results ignored="0" total="5" passed="5" failed="0" skipped="0">
  <reporter-output>
  </reporter-output>
  <suite started-at="2023-04-07T02:58:07 EET" name="Default suite" finished-at="2023-04-07T02:58:13 EET" duration-ms="6072">
    <groups>
    </groups>
    <test started-at="2023-04-07T02:58:07 EET" name="Default test" finished-at="2023-04-07T02:58:13 EET" duration-ms="6072">
      <class name="tests.TC_VideoGameAPI">
        <test-method signature="test_GetAllVideoGames()[pri:1, instance:tests.TC_VideoGameAPI@13fd2ccd]" started-at="2023-04-07T02:58:07 EET" name="test_GetAllVideoGames" finished-at="2023-04-07T02:58:11 EET" duration-ms="3729" status="PASS">
          <reporter-output>
          </reporter-output>
        </test-method> <!-- test_GetAllVideoGames -->
        <test-method signature="test_AddNewVideoGame()[pri:2, instance:tests.TC_VideoGameAPI@13fd2ccd]" started-at="2023-04-07T02:58:11 EET" name="test_AddNewVideoGame" finished-at="2023-04-07T02:58:12 EET" duration-ms="957" status="PASS">
          <reporter-output>
          </reporter-output>
        </test-method> <!-- test_AddNewVideoGame -->
        <test-method signature="test_GetVideoGameById()[pri:3, instance:tests.TC_VideoGameAPI@13fd2ccd]" started-at="2023-04-07T02:58:12 EET" name="test_GetVideoGameById" finished-at="2023-04-07T02:58:13 EET" duration-ms="1088" status="PASS">
          <reporter-output>
          </reporter-output>
        </test-method> <!-- test_GetVideoGameById -->
        <test-method signature="test_UpdateVideoGame()[pri:4, instance:tests.TC_VideoGameAPI@13fd2ccd]" started-at="2023-04-07T02:58:13 EET" name="test_UpdateVideoGame" finished-at="2023-04-07T02:58:13 EET" duration-ms="141" status="PASS">
          <reporter-output>
          </reporter-output>
        </test-method> <!-- test_UpdateVideoGame -->
        <test-method signature="test_DeleteVideoGame()[pri:5, instance:tests.TC_VideoGameAPI@13fd2ccd]" started-at="2023-04-07T02:58:13 EET" name="test_DeleteVideoGame" finished-at="2023-04-07T02:58:13 EET" duration-ms="29" status="PASS">
          <reporter-output>
          </reporter-output>
        </test-method> <!-- test_DeleteVideoGame -->
      </class> <!-- tests.TC_VideoGameAPI -->
    </test> <!-- Default test -->
  </suite> <!-- Default suite -->
</testng-results>
